<?xml version="1.0" encoding="UTF-8"?>
<testsuite xmlns:xsi="http://www.w3.org/2001/XMLSchema-instance" xsi:noNamespaceSchemaLocation="https://maven.apache.org/surefire/maven-surefire-plugin/xsd/surefire-test-report-3.0.xsd" version="3.0" name="command_tests.CommandTest" time="0.257" tests="20" errors="15" skipped="0" failures="5">
  <properties>
[...]
</properties>
  <testcase name="testSetDeadlineCommandExecute" classname="command_tests.CommandTest" time="0.203">
    <failure message="expected:&lt;&gt; but was:&lt;null&gt;" type="java.lang.AssertionError"><![CDATA[java.lang.AssertionError: expected:<> but was:<null>
	at command_tests.CommandTest.testSetDeadlineCommandExecute(CommandTest.java:123)
]]></failure>
  </testcase>
  <testcase name="testGetSubmissionsByUserCommandExecute" classname="command_tests.CommandTest" time="0">
    <error message="Cannot invoke &quot;com.model.User.getCurrentRole()&quot; because &quot;actor&quot; is null" type="java.lang.NullPointerException"><![CDATA[java.lang.NullPointerException: Cannot invoke "com.model.User.getCurrentRole()" because "actor" is null
	at command_tests.CommandTest.testGetSubmissionsByUserCommandExecute(CommandTest.java:63)
]]></error>
  </testcase>
  <testcase name="testGetUsersByRoleCommandExecute" classname="command_tests.CommandTest" time="0.001">
    <error message="Cannot invoke &quot;com.model.User.getCurrentRole()&quot; because &quot;actor&quot; is null" type="java.lang.NullPointerException"><![CDATA[java.lang.NullPointerException: Cannot invoke "com.model.User.getCurrentRole()" because "actor" is null
	at command_tests.CommandTest.testGetUsersByRoleCommandExecute(CommandTest.java:69)
]]></error>
  </testcase>
  <testcase name="testCreateNotificationCommandExecute" classname="command_tests.CommandTest" time="0">
    <failure message="expected:&lt;&gt; but was:&lt;null&gt;" type="java.lang.AssertionError"><![CDATA[java.lang.AssertionError: expected:<> but was:<null>
	at command_tests.CommandTest.testCreateNotificationCommandExecute(CommandTest.java:111)
]]></failure>
  </testcase>
  <testcase name="testAssignPaperToPCMCommandExecute" classname="command_tests.CommandTest" time="0.001">
    <error message="Cannot invoke &quot;com.model.User.getCurrentRole()&quot; because &quot;actor&quot; is null" type="java.lang.NullPointerException"><![CDATA[java.lang.NullPointerException: Cannot invoke "com.model.User.getCurrentRole()" because "actor" is null
	at command_tests.CommandTest.testAssignPaperToPCMCommandExecute(CommandTest.java:105)
]]></error>
  </testcase>
  <testcase name="testViewRatingCommandExecute" classname="command_tests.CommandTest" time="0.001">
    <error message="Cannot invoke &quot;com.model.User.getCurrentRole()&quot; because &quot;actor&quot; is null" type="java.lang.NullPointerException"><![CDATA[java.lang.NullPointerException: Cannot invoke "com.model.User.getCurrentRole()" because "actor" is null
	at command_tests.CommandTest.testViewRatingCommandExecute(CommandTest.java:81)
]]></error>
  </testcase>
  <testcase name="testGetReviewsOnSubmissionCommandExecute" classname="command_tests.CommandTest" time="0.002">
    <error message="Cannot invoke &quot;com.model.User.getCurrentRole()&quot; because &quot;actor&quot; is null" type="java.lang.NullPointerException"><![CDATA[java.lang.NullPointerException: Cannot invoke "com.model.User.getCurrentRole()" because "actor" is null
	at command_tests.CommandTest.testGetReviewsOnSubmissionCommandExecute(CommandTest.java:57)
]]></error>
  </testcase>
  <testcase name="testCreateUserCommandExecute" classname="command_tests.CommandTest" time="0.001">
    <error message="Cannot invoke &quot;com.model.User.getCurrentRole()&quot; because &quot;actor&quot; is null" type="java.lang.NullPointerException"><![CDATA[java.lang.NullPointerException: Cannot invoke "com.model.User.getCurrentRole()" because "actor" is null
	at command_tests.CommandTest.testCreateUserCommandExecute(CommandTest.java:117)
]]></error>
  </testcase>
  <testcase name="testViewReportCommandExecute" classname="command_tests.CommandTest" time="0.001">
    <error message="Cannot invoke &quot;com.model.User.getCurrentRole()&quot; because &quot;actor&quot; is null" type="java.lang.NullPointerException"><![CDATA[java.lang.NullPointerException: Cannot invoke "com.model.User.getCurrentRole()" because "actor" is null
	at command_tests.CommandTest.testViewReportCommandExecute(CommandTest.java:87)
]]></error>
  </testcase>
  <testcase name="testDeleteUserCommandExecute" classname="command_tests.CommandTest" time="0.001">
    <failure message="expected:&lt;&gt; but was:&lt;null&gt;" type="java.lang.AssertionError"><![CDATA[java.lang.AssertionError: expected:<> but was:<null>
	at command_tests.CommandTest.testDeleteUserCommandExecute(CommandTest.java:33)
]]></failure>
  </testcase>
  <testcase name="testSetPaperPreferencesCommandExecute" classname="command_tests.CommandTest" time="0.001">
    <error message="Cannot invoke &quot;com.model.User.getCurrentRole()&quot; because &quot;actor&quot; is null" type="java.lang.NullPointerException"><![CDATA[java.lang.NullPointerException: Cannot invoke "com.model.User.getCurrentRole()" because "actor" is null
	at command_tests.CommandTest.testSetPaperPreferencesCommandExecute(CommandTest.java:141)
]]></error>
  </testcase>
  <testcase name="testGetAssignedReviewsRatingsCommandExecute" classname="command_tests.CommandTest" time="0.001">
    <error message="Cannot invoke &quot;com.model.User.getCurrentRole()&quot; because &quot;actor&quot; is null" type="java.lang.NullPointerException"><![CDATA[java.lang.NullPointerException: Cannot invoke "com.model.User.getCurrentRole()" because "actor" is null
	at command_tests.CommandTest.testGetAssignedReviewsRatingsCommandExecute(CommandTest.java:45)
]]></error>
  </testcase>
  <testcase name="testGetPreviousSubmissionsCommandExecute" classname="command_tests.CommandTest" time="0">
    <error message="Cannot invoke &quot;com.model.User.getCurrentRole()&quot; because &quot;actor&quot; is null" type="java.lang.NullPointerException"><![CDATA[java.lang.NullPointerException: Cannot invoke "com.model.User.getCurrentRole()" because "actor" is null
	at command_tests.CommandTest.testGetPreviousSubmissionsCommandExecute(CommandTest.java:51)
]]></error>
  </testcase>
  <testcase name="testViewPaperCommandExecute" classname="command_tests.CommandTest" time="0.001">
    <error message="Cannot invoke &quot;com.model.User.getCurrentRole()&quot; because &quot;actor&quot; is null" type="java.lang.NullPointerException"><![CDATA[java.lang.NullPointerException: Cannot invoke "com.model.User.getCurrentRole()" because "actor" is null
	at command_tests.CommandTest.testViewPaperCommandExecute(CommandTest.java:75)
]]></error>
  </testcase>
  <testcase name="testTriggerRevisionCommandExecute" classname="command_tests.CommandTest" time="0.001">
    <failure message="expected:&lt;&gt; but was:&lt;null&gt;" type="java.lang.AssertionError"><![CDATA[java.lang.AssertionError: expected:<> but was:<null>
	at command_tests.CommandTest.testTriggerRevisionCommandExecute(CommandTest.java:147)
]]></failure>
  </testcase>
  <testcase name="testReviewPaperCommandExecute" classname="command_tests.CommandTest" time="0.002">
    <error message="Cannot invoke &quot;com.model.User.getCurrentRole()&quot; because &quot;actor&quot; is null" type="java.lang.NullPointerException"><![CDATA[java.lang.NullPointerException: Cannot invoke "com.model.User.getCurrentRole()" because "actor" is null
	at command_tests.CommandTest.testReviewPaperCommandExecute(CommandTest.java:135)
]]></error>
  </testcase>
  <testcase name="testRatePaperCommandExecute" classname="command_tests.CommandTest" time="0.001">
    <error message="Cannot invoke &quot;com.model.User.getCurrentRole()&quot; because &quot;actor&quot; is null" type="java.lang.NullPointerException"><![CDATA[java.lang.NullPointerException: Cannot invoke "com.model.User.getCurrentRole()" because "actor" is null
	at command_tests.CommandTest.testRatePaperCommandExecute(CommandTest.java:129)
]]></error>
  </testcase>
  <testcase name="testLoginCommandExecute" classname="command_tests.CommandTest" time="0">
    <failure message="expected:&lt;&gt; but was:&lt;null&gt;" type="java.lang.AssertionError"><![CDATA[java.lang.AssertionError: expected:<> but was:<null>
	at command_tests.CommandTest.testLoginCommandExecute(CommandTest.java:39)
]]></failure>
  </testcase>
  <testcase name="testViewReviewCommandExecute" classname="command_tests.CommandTest" time="0.001">
    <error message="Cannot invoke &quot;com.model.User.getCurrentRole()&quot; because &quot;actor&quot; is null" type="java.lang.NullPointerException"><![CDATA[java.lang.NullPointerException: Cannot invoke "com.model.User.getCurrentRole()" because "actor" is null
	at command_tests.CommandTest.testViewReviewCommandExecute(CommandTest.java:93)
]]></error>
  </testcase>
  <testcase name="testAssignPaperToPCCCommandExecute" classname="command_tests.CommandTest" time="0.001">
    <error message="Cannot invoke &quot;com.model.User.getCurrentRole()&quot; because &quot;actor&quot; is null" type="java.lang.NullPointerException"><![CDATA[java.lang.NullPointerException: Cannot invoke "com.model.User.getCurrentRole()" because "actor" is null
	at command_tests.CommandTest.testAssignPaperToPCCCommandExecute(CommandTest.java:99)
]]></error>
  </testcase>
</testsuite>