<?xml version="1.0" encoding="UTF-8"?>
<testsuite xmlns:xsi="http://www.w3.org/2001/XMLSchema-instance" xsi:noNamespaceSchemaLocation="https://maven.apache.org/surefire/maven-surefire-plugin/xsd/surefire-test-report-3.0.xsd" version="3.0" name="command_tests.CommandTest" time="0.257" tests="20" errors="15" skipped="0" failures="5">
  <properties>
    <property name="java.specification.version" value="15"/>
    <property name="sun.cpu.isalist" value="amd64"/>
    <property name="sun.jnu.encoding" value="Cp1252"/>
    <property name="java.class.path" value="C:\Users\William Dabney\OneDrive\RIT\swen-746\SAM2024\server\target\test-classes;C:\Users\William Dabney\OneDrive\RIT\swen-746\SAM2024\server\target\classes;C:\Users\William Dabney\.m2\repository\com\fasterxml\jackson\core\jackson-databind\2.12.5\jackson-databind-2.12.5.jar;C:\Users\William Dabney\.m2\repository\com\fasterxml\jackson\core\jackson-annotations\2.12.5\jackson-annotations-2.12.5.jar;C:\Users\William Dabney\.m2\repository\com\fasterxml\jackson\core\jackson-core\2.12.5\jackson-core-2.12.5.jar;C:\Users\William Dabney\.m2\repository\junit\junit\4.12\junit-4.12.jar;C:\Users\William Dabney\.m2\repository\org\hamcrest\hamcrest-core\1.3\hamcrest-core-1.3.jar;"/>
    <property name="java.vm.vendor" value="Oracle Corporation"/>
    <property name="sun.arch.data.model" value="64"/>
    <property name="user.variant" value=""/>
    <property name="java.vendor.url" value="https://java.oracle.com/"/>
    <property name="user.timezone" value="America/New_York"/>
    <property name="os.name" value="Windows 10"/>
    <property name="java.vm.specification.version" value="15"/>
    <property name="sun.java.launcher" value="SUN_STANDARD"/>
    <property name="user.country" value="US"/>
    <property name="sun.boot.library.path" value="C:\Program Files\Java\jdk-15.0.2\bin"/>
    <property name="sun.java.command" value="C:\Users\William Dabney\AppData\Local\Temp\surefire4221238229281540085\surefirebooter1229726540770335859.jar C:\Users\William Dabney\AppData\Local\Temp\surefire4221238229281540085 2023-11-19T18-35-15_376-jvmRun1 surefire10012313624809189535tmp surefire_07500988317989963862tmp"/>
    <property name="jdk.debug" value="release"/>
    <property name="surefire.test.class.path" value="C:\Users\William Dabney\OneDrive\RIT\swen-746\SAM2024\server\target\test-classes;C:\Users\William Dabney\OneDrive\RIT\swen-746\SAM2024\server\target\classes;C:\Users\William Dabney\.m2\repository\com\fasterxml\jackson\core\jackson-databind\2.12.5\jackson-databind-2.12.5.jar;C:\Users\William Dabney\.m2\repository\com\fasterxml\jackson\core\jackson-annotations\2.12.5\jackson-annotations-2.12.5.jar;C:\Users\William Dabney\.m2\repository\com\fasterxml\jackson\core\jackson-core\2.12.5\jackson-core-2.12.5.jar;C:\Users\William Dabney\.m2\repository\junit\junit\4.12\junit-4.12.jar;C:\Users\William Dabney\.m2\repository\org\hamcrest\hamcrest-core\1.3\hamcrest-core-1.3.jar;"/>
    <property name="sun.cpu.endian" value="little"/>
    <property name="user.home" value="C:\Users\William Dabney"/>
    <property name="user.language" value="en"/>
    <property name="java.specification.vendor" value="Oracle Corporation"/>
    <property name="java.version.date" value="2021-01-19"/>
    <property name="java.home" value="C:\Program Files\Java\jdk-15.0.2"/>
    <property name="file.separator" value="\"/>
    <property name="basedir" value="C:\Users\William Dabney\OneDrive\RIT\swen-746\SAM2024\server"/>
    <property name="java.vm.compressedOopsMode" value="Zero based"/>
    <property name="line.separator" value="&#10;"/>
    <property name="java.vm.specification.vendor" value="Oracle Corporation"/>
    <property name="java.specification.name" value="Java Platform API Specification"/>
    <property name="surefire.real.class.path" value="C:\Users\William Dabney\AppData\Local\Temp\surefire4221238229281540085\surefirebooter1229726540770335859.jar"/>
    <property name="user.script" value=""/>
    <property name="sun.management.compiler" value="HotSpot 64-Bit Tiered Compilers"/>
    <property name="java.runtime.version" value="15.0.2+7-27"/>
    <property name="user.name" value="William Dabney"/>
    <property name="path.separator" value=";"/>
    <property name="os.version" value="10.0"/>
    <property name="java.runtime.name" value="Java(TM) SE Runtime Environment"/>
    <property name="file.encoding" value="Cp1252"/>
    <property name="java.vm.name" value="Java HotSpot(TM) 64-Bit Server VM"/>
    <property name="localRepository" value="C:\Users\William Dabney\.m2\repository"/>
    <property name="java.vendor.url.bug" value="https://bugreport.java.com/bugreport/"/>
    <property name="java.io.tmpdir" value="C:\Users\William Dabney\AppData\Local\Temp\"/>
    <property name="java.version" value="15.0.2"/>
    <property name="user.dir" value="C:\Users\William Dabney\OneDrive\RIT\swen-746\SAM2024\server"/>
    <property name="os.arch" value="amd64"/>
    <property name="java.vm.specification.name" value="Java Virtual Machine Specification"/>
    <property name="sun.os.patch.level" value=""/>
    <property name="java.library.path" value="C:\Program Files\Java\jdk-15.0.2\bin;C:\Windows\Sun\Java\bin;C:\Windows\system32;C:\Windows;C:\Program Files\Common Files\Oracle\Java\javapath;C:\Program Files (x86)\Common Files\Oracle\Java\javapath;C:\Windows\system32;C:\Windows;C:\Windows\System32\Wbem;C:\Windows\System32\WindowsPowerShell\v1.0\;C:\Windows\System32\OpenSSH\;C:\Program Files\Git\cmd;c:\opt\apache-maven-3.6.0\bin;C:\apache-maven-3.8.1\bin;C:\Program Files\PostgreSQL\11\bin;C:\Program Files\PuTTY\;C:\Program Files\nodejs\;C:\Program Files (x86)\Bluetooth Command Line Tools\bin;C:\Program Files\dotnet\;C:\Program Files\Gradle\gradle-8.4\bin;C:\ProgramData\chocolatey\bin;C:\ProgramData\chocolatey\lib\maven\apache-maven-3.9.5\bin;C:\Users\William Dabney\AppData\Local\Microsoft\WindowsApps;C:\Program Files\JetBrains\IntelliJ IDEA Community Edition 2021.2.3\bin;;C:\Program Files\Java\jdk-15.0.2\bin;c:\opt\apache-maven-3.8.1\bin;C:\Users\William Dabney\AppData\Local\Programs\Python\Python37\python.exe;C:\Users\William Dabney\AppData\Roaming\npm;C:\ProgramData\William Dabney\GitHubDesktop\bin;C:\Users\William Dabney\AppData\Local\GitHubDesktop\bin;C:\Users\William Dabney\AppData\Local\Programs\Microsoft VS Code\bin;C:\Users\William Dabney\.dotnet\tools;C:\Program Files (x86)\Nmap;."/>
    <property name="java.vm.info" value="mixed mode, sharing"/>
    <property name="java.vendor" value="Oracle Corporation"/>
    <property name="java.vm.version" value="15.0.2+7-27"/>
    <property name="sun.io.unicode.encoding" value="UnicodeLittle"/>
    <property name="java.class.version" value="59.0"/>
  </properties>
  <testcase name="testSetDeadlineCommandExecute" classname="command_tests.CommandTest" time="0.203">
    <failure message="expected:&lt;&gt; but was:&lt;null&gt;" type="java.lang.AssertionError"><![CDATA[java.lang.AssertionError: expected:<> but was:<null>
	at command_tests.CommandTest.testSetDeadlineCommandExecute(CommandTest.java:123)
]]></failure>
  </testcase>
  <testcase name="testGetSubmissionsByUserCommandExecute" classname="command_tests.CommandTest" time="0">
    <error message="Cannot invoke &quot;com.model.User.getCurrentRole()&quot; because &quot;actor&quot; is null" type="java.lang.NullPointerException"><![CDATA[java.lang.NullPointerException: Cannot invoke "com.model.User.getCurrentRole()" because "actor" is null
	at command_tests.CommandTest.testGetSubmissionsByUserCommandExecute(CommandTest.java:63)
]]></error>
  </testcase>
  <testcase name="testGetUsersByRoleCommandExecute" classname="command_tests.CommandTest" time="0.001">
    <error message="Cannot invoke &quot;com.model.User.getCurrentRole()&quot; because &quot;actor&quot; is null" type="java.lang.NullPointerException"><![CDATA[java.lang.NullPointerException: Cannot invoke "com.model.User.getCurrentRole()" because "actor" is null
	at command_tests.CommandTest.testGetUsersByRoleCommandExecute(CommandTest.java:69)
]]></error>
  </testcase>
  <testcase name="testCreateNotificationCommandExecute" classname="command_tests.CommandTest" time="0">
    <failure message="expected:&lt;&gt; but was:&lt;null&gt;" type="java.lang.AssertionError"><![CDATA[java.lang.AssertionError: expected:<> but was:<null>
	at command_tests.CommandTest.testCreateNotificationCommandExecute(CommandTest.java:111)
]]></failure>
  </testcase>
  <testcase name="testAssignPaperToPCMCommandExecute" classname="command_tests.CommandTest" time="0.001">
    <error message="Cannot invoke &quot;com.model.User.getCurrentRole()&quot; because &quot;actor&quot; is null" type="java.lang.NullPointerException"><![CDATA[java.lang.NullPointerException: Cannot invoke "com.model.User.getCurrentRole()" because "actor" is null
	at command_tests.CommandTest.testAssignPaperToPCMCommandExecute(CommandTest.java:105)
]]></error>
  </testcase>
  <testcase name="testViewRatingCommandExecute" classname="command_tests.CommandTest" time="0.001">
    <error message="Cannot invoke &quot;com.model.User.getCurrentRole()&quot; because &quot;actor&quot; is null" type="java.lang.NullPointerException"><![CDATA[java.lang.NullPointerException: Cannot invoke "com.model.User.getCurrentRole()" because "actor" is null
	at command_tests.CommandTest.testViewRatingCommandExecute(CommandTest.java:81)
]]></error>
  </testcase>
  <testcase name="testGetReviewsOnSubmissionCommandExecute" classname="command_tests.CommandTest" time="0.002">
    <error message="Cannot invoke &quot;com.model.User.getCurrentRole()&quot; because &quot;actor&quot; is null" type="java.lang.NullPointerException"><![CDATA[java.lang.NullPointerException: Cannot invoke "com.model.User.getCurrentRole()" because "actor" is null
	at command_tests.CommandTest.testGetReviewsOnSubmissionCommandExecute(CommandTest.java:57)
]]></error>
  </testcase>
  <testcase name="testCreateUserCommandExecute" classname="command_tests.CommandTest" time="0.001">
    <error message="Cannot invoke &quot;com.model.User.getCurrentRole()&quot; because &quot;actor&quot; is null" type="java.lang.NullPointerException"><![CDATA[java.lang.NullPointerException: Cannot invoke "com.model.User.getCurrentRole()" because "actor" is null
	at command_tests.CommandTest.testCreateUserCommandExecute(CommandTest.java:117)
]]></error>
  </testcase>
  <testcase name="testViewReportCommandExecute" classname="command_tests.CommandTest" time="0.001">
    <error message="Cannot invoke &quot;com.model.User.getCurrentRole()&quot; because &quot;actor&quot; is null" type="java.lang.NullPointerException"><![CDATA[java.lang.NullPointerException: Cannot invoke "com.model.User.getCurrentRole()" because "actor" is null
	at command_tests.CommandTest.testViewReportCommandExecute(CommandTest.java:87)
]]></error>
  </testcase>
  <testcase name="testDeleteUserCommandExecute" classname="command_tests.CommandTest" time="0.001">
    <failure message="expected:&lt;&gt; but was:&lt;null&gt;" type="java.lang.AssertionError"><![CDATA[java.lang.AssertionError: expected:<> but was:<null>
	at command_tests.CommandTest.testDeleteUserCommandExecute(CommandTest.java:33)
]]></failure>
  </testcase>
  <testcase name="testSetPaperPreferencesCommandExecute" classname="command_tests.CommandTest" time="0.001">
    <error message="Cannot invoke &quot;com.model.User.getCurrentRole()&quot; because &quot;actor&quot; is null" type="java.lang.NullPointerException"><![CDATA[java.lang.NullPointerException: Cannot invoke "com.model.User.getCurrentRole()" because "actor" is null
	at command_tests.CommandTest.testSetPaperPreferencesCommandExecute(CommandTest.java:141)
]]></error>
  </testcase>
  <testcase name="testGetAssignedReviewsRatingsCommandExecute" classname="command_tests.CommandTest" time="0.001">
    <error message="Cannot invoke &quot;com.model.User.getCurrentRole()&quot; because &quot;actor&quot; is null" type="java.lang.NullPointerException"><![CDATA[java.lang.NullPointerException: Cannot invoke "com.model.User.getCurrentRole()" because "actor" is null
	at command_tests.CommandTest.testGetAssignedReviewsRatingsCommandExecute(CommandTest.java:45)
]]></error>
  </testcase>
  <testcase name="testGetPreviousSubmissionsCommandExecute" classname="command_tests.CommandTest" time="0">
    <error message="Cannot invoke &quot;com.model.User.getCurrentRole()&quot; because &quot;actor&quot; is null" type="java.lang.NullPointerException"><![CDATA[java.lang.NullPointerException: Cannot invoke "com.model.User.getCurrentRole()" because "actor" is null
	at command_tests.CommandTest.testGetPreviousSubmissionsCommandExecute(CommandTest.java:51)
]]></error>
  </testcase>
  <testcase name="testViewPaperCommandExecute" classname="command_tests.CommandTest" time="0.001">
    <error message="Cannot invoke &quot;com.model.User.getCurrentRole()&quot; because &quot;actor&quot; is null" type="java.lang.NullPointerException"><![CDATA[java.lang.NullPointerException: Cannot invoke "com.model.User.getCurrentRole()" because "actor" is null
	at command_tests.CommandTest.testViewPaperCommandExecute(CommandTest.java:75)
]]></error>
  </testcase>
  <testcase name="testTriggerRevisionCommandExecute" classname="command_tests.CommandTest" time="0.001">
    <failure message="expected:&lt;&gt; but was:&lt;null&gt;" type="java.lang.AssertionError"><![CDATA[java.lang.AssertionError: expected:<> but was:<null>
	at command_tests.CommandTest.testTriggerRevisionCommandExecute(CommandTest.java:147)
]]></failure>
  </testcase>
  <testcase name="testReviewPaperCommandExecute" classname="command_tests.CommandTest" time="0.002">
    <error message="Cannot invoke &quot;com.model.User.getCurrentRole()&quot; because &quot;actor&quot; is null" type="java.lang.NullPointerException"><![CDATA[java.lang.NullPointerException: Cannot invoke "com.model.User.getCurrentRole()" because "actor" is null
	at command_tests.CommandTest.testReviewPaperCommandExecute(CommandTest.java:135)
]]></error>
  </testcase>
  <testcase name="testRatePaperCommandExecute" classname="command_tests.CommandTest" time="0.001">
    <error message="Cannot invoke &quot;com.model.User.getCurrentRole()&quot; because &quot;actor&quot; is null" type="java.lang.NullPointerException"><![CDATA[java.lang.NullPointerException: Cannot invoke "com.model.User.getCurrentRole()" because "actor" is null
	at command_tests.CommandTest.testRatePaperCommandExecute(CommandTest.java:129)
]]></error>
  </testcase>
  <testcase name="testLoginCommandExecute" classname="command_tests.CommandTest" time="0">
    <failure message="expected:&lt;&gt; but was:&lt;null&gt;" type="java.lang.AssertionError"><![CDATA[java.lang.AssertionError: expected:<> but was:<null>
	at command_tests.CommandTest.testLoginCommandExecute(CommandTest.java:39)
]]></failure>
  </testcase>
  <testcase name="testViewReviewCommandExecute" classname="command_tests.CommandTest" time="0.001">
    <error message="Cannot invoke &quot;com.model.User.getCurrentRole()&quot; because &quot;actor&quot; is null" type="java.lang.NullPointerException"><![CDATA[java.lang.NullPointerException: Cannot invoke "com.model.User.getCurrentRole()" because "actor" is null
	at command_tests.CommandTest.testViewReviewCommandExecute(CommandTest.java:93)
]]></error>
  </testcase>
  <testcase name="testAssignPaperToPCCCommandExecute" classname="command_tests.CommandTest" time="0.001">
    <error message="Cannot invoke &quot;com.model.User.getCurrentRole()&quot; because &quot;actor&quot; is null" type="java.lang.NullPointerException"><![CDATA[java.lang.NullPointerException: Cannot invoke "com.model.User.getCurrentRole()" because "actor" is null
	at command_tests.CommandTest.testAssignPaperToPCCCommandExecute(CommandTest.java:99)
]]></error>
  </testcase>
</testsuite>